Started by user Aasai
 > git rev-parse --resolve-git-dir /var/lib/jenkins/caches/git-3c65e2e3d18c8b85cc37dfbf6beb8299/.git # timeout=10
Setting origin to https://github.com/AASAITHAMBI57/kaiburr_CI_CD.git
 > git config remote.origin.url https://github.com/AASAITHAMBI57/kaiburr_CI_CD.git # timeout=10
Fetching origin...
Fetching upstream changes from origin
 > git --version # timeout=10
 > git --version # 'git version 2.34.1'
 > git config --get remote.origin.url # timeout=10
 > git fetch --tags --force --progress -- origin +refs/heads/*:refs/remotes/origin/* # timeout=10
Seen branch in repository origin/dev
Seen branch in repository origin/master
Seen branch in repository origin/uat
Seen 3 remote branches
Obtained Jenkinsfile from a758efe7bf31a61afd11d4c7c537450780525e3f
[Pipeline] Start of Pipeline
[Pipeline] node
Running on Jenkins in /var/lib/jenkins/workspace/kaiburr_ci_cd_master
[Pipeline] {
[Pipeline] stage
[Pipeline] { (Declarative: Checkout SCM)
[Pipeline] checkout
The recommended git tool is: git
No credentials specified
 > git rev-parse --resolve-git-dir /var/lib/jenkins/workspace/kaiburr_ci_cd_master/.git # timeout=10
Fetching changes from the remote Git repository
 > git config remote.origin.url https://github.com/AASAITHAMBI57/kaiburr_CI_CD.git # timeout=10
Fetching without tags
Fetching upstream changes from https://github.com/AASAITHAMBI57/kaiburr_CI_CD.git
 > git --version # timeout=10
 > git --version # 'git version 2.34.1'
 > git fetch --no-tags --force --progress -- https://github.com/AASAITHAMBI57/kaiburr_CI_CD.git +refs/heads/*:refs/remotes/origin/* # timeout=10
Checking out Revision a758efe7bf31a61afd11d4c7c537450780525e3f (master)
 > git config core.sparsecheckout # timeout=10
 > git checkout -f a758efe7bf31a61afd11d4c7c537450780525e3f # timeout=10
Commit message: "Update Jenkinsfile"
 > git rev-list --no-walk ae1aac232fea471898b362cebdaaaad070a247c8 # timeout=10
[Pipeline] }
[Pipeline] // stage
[Pipeline] withEnv
[Pipeline] {
[Pipeline] tool
[Pipeline] withEnv
[Pipeline] {
[Pipeline] stage
[Pipeline] { (Declarative: Tool Install)
[Pipeline] tool
[Pipeline] envVarsForTool
[Pipeline] tool
[Pipeline] envVarsForTool
[Pipeline] }
[Pipeline] // stage
[Pipeline] withEnv
[Pipeline] {
[Pipeline] stage
[Pipeline] { (clean workspace)
[Pipeline] tool
[Pipeline] envVarsForTool
[Pipeline] tool
[Pipeline] envVarsForTool
[Pipeline] withEnv
[Pipeline] {
[Pipeline] cleanWs
[WS-CLEANUP] Deleting project workspace...
[WS-CLEANUP] Deferred wipeout is used...
[WS-CLEANUP] done
[Pipeline] }
[Pipeline] // withEnv
[Pipeline] }
[Pipeline] // stage
[Pipeline] stage
[Pipeline] { (Checkout from Git)
[Pipeline] tool
[Pipeline] envVarsForTool
[Pipeline] tool
[Pipeline] envVarsForTool
[Pipeline] withEnv
[Pipeline] {
[Pipeline] git
The recommended git tool is: NONE
No credentials specified
Cloning the remote Git repository
Cloning repository https://github.com/AASAITHAMBI57/kaiburr_ci_cd.git
 > git init /var/lib/jenkins/workspace/kaiburr_ci_cd_master # timeout=10
Fetching upstream changes from https://github.com/AASAITHAMBI57/kaiburr_ci_cd.git
 > git --version # timeout=10
 > git --version # 'git version 2.34.1'
 > git fetch --tags --force --progress -- https://github.com/AASAITHAMBI57/kaiburr_ci_cd.git +refs/heads/*:refs/remotes/origin/* # timeout=10
 > git config remote.origin.url https://github.com/AASAITHAMBI57/kaiburr_ci_cd.git # timeout=10
 > git config --add remote.origin.fetch +refs/heads/*:refs/remotes/origin/* # timeout=10
Avoid second fetch
 > git rev-parse refs/remotes/origin/master^{commit} # timeout=10
Checking out Revision a758efe7bf31a61afd11d4c7c537450780525e3f (refs/remotes/origin/master)
 > git config core.sparsecheckout # timeout=10
 > git checkout -f a758efe7bf31a61afd11d4c7c537450780525e3f # timeout=10
 > git branch -a -v --no-abbrev # timeout=10
 > git checkout -b master a758efe7bf31a61afd11d4c7c537450780525e3f # timeout=10
Commit message: "Update Jenkinsfile"
 > git rev-list --no-walk ae1aac232fea471898b362cebdaaaad070a247c8 # timeout=10
[Pipeline] }
[Pipeline] // withEnv
[Pipeline] }
[Pipeline] // stage
[Pipeline] stage
[Pipeline] { (Sonarqube Analysis )
[Pipeline] tool
[Pipeline] envVarsForTool
[Pipeline] tool
[Pipeline] envVarsForTool
[Pipeline] withEnv
[Pipeline] {
[Pipeline] withSonarQubeEnv
Injecting SonarQube environment variables using the configuration: sonarqube
[Pipeline] {
[Pipeline] sh
+ /var/lib/jenkins/tools/hudson.plugins.sonar.SonarRunnerInstallation/sonar-scanner/bin/sonar-scanner -Dsonar.projectName=Kaiburr -Dsonar.projectKey=.
INFO: Scanner configuration file: /var/lib/jenkins/tools/hudson.plugins.sonar.SonarRunnerInstallation/sonar-scanner/conf/sonar-scanner.properties
INFO: Project root configuration file: NONE
INFO: SonarScanner 5.0.1.3006
INFO: Java 17.0.8.1 Eclipse Adoptium (64-bit)
INFO: Linux 6.2.0-1017-aws amd64
INFO: User cache: /var/lib/jenkins/.sonar/cache
INFO: Analyzing on SonarQube server 10.3.0.82913
INFO: Default locale: "en", source code encoding: "UTF-8" (analysis is platform dependent)
INFO: Load global settings
INFO: Load global settings (done) | time=66ms
INFO: Server id: 147B411E-AY1GR4bypU1aFD_28ZeX
INFO: User cache: /var/lib/jenkins/.sonar/cache
INFO: Load/download plugins
INFO: Load plugins index
INFO: Load plugins index (done) | time=34ms
INFO: Load/download plugins (done) | time=121ms
INFO: Process project properties
INFO: Process project properties (done) | time=0ms
INFO: Execute project builders
INFO: Execute project builders (done) | time=2ms
INFO: Project key: .
INFO: Base dir: /var/lib/jenkins/workspace/kaiburr_ci_cd_master
INFO: Working dir: /var/lib/jenkins/workspace/kaiburr_ci_cd_master/.scannerwork
INFO: Load project settings for component key: '.'
INFO: Load project settings for component key: '.' (done) | time=19ms
INFO: Auto-configuring with CI 'Jenkins'
INFO: Load quality profiles
INFO: Load quality profiles (done) | time=56ms
INFO: Load active rules
INFO: Load active rules (done) | time=2235ms
INFO: Load analysis cache
INFO: Load analysis cache | time=29ms
INFO: Load project repositories
INFO: Load project repositories (done) | time=18ms
INFO: Indexing files...
INFO: Project configuration:
INFO: 60 files indexed
INFO: 0 files ignored because of scm ignore settings
INFO: Quality profile for css: Sonar way
INFO: Quality profile for docker: Sonar way
INFO: Quality profile for js: Sonar way
INFO: Quality profile for json: Sonar way
INFO: Quality profile for web: Sonar way
INFO: Quality profile for yaml: Sonar way
INFO: ------------- Run sensors on module Kaiburr
INFO: Load metrics repository
INFO: Load metrics repository (done) | time=31ms
INFO: Sensor JaCoCo XML Report Importer [jacoco]
INFO: 'sonar.coverage.jacoco.xmlReportPaths' is not defined. Using default locations: target/site/jacoco/jacoco.xml,target/site/jacoco-it/jacoco.xml,build/reports/jacoco/test/jacocoTestReport.xml
INFO: No report imported, no coverage information will be imported by JaCoCo XML Report Importer
INFO: Sensor JaCoCo XML Report Importer [jacoco] (done) | time=2ms
INFO: Sensor IaC CloudFormation Sensor [iac]
INFO: 0 source files to be analyzed
INFO: 0/0 source files have been analyzed
INFO: Sensor IaC CloudFormation Sensor [iac] (done) | time=72ms
INFO: Sensor IaC Kubernetes Sensor [iac]
INFO: 0 source files to be analyzed
INFO: 0/0 source files have been analyzed
INFO: Sensor IaC Kubernetes Sensor [iac] (done) | time=6ms
INFO: Sensor IaC AzureResourceManager Sensor [iac]
INFO: 0 source files to be analyzed
INFO: 0/0 source files have been analyzed
INFO: Sensor IaC AzureResourceManager Sensor [iac] (done) | time=85ms
INFO: Sensor JavaScript/TypeScript analysis [javascript]
INFO: Detected os: Linux arch: amd64 alpine: false. Platform: LINUX_X64
INFO: Using Node.js executable: 'node'.
INFO: Memory configuration: OS (15799 MB), Node.js (2096 MB).
WARN: Using Node.js version 16 to execute analysis is deprecated and will stop being supported no earlier than Nov 30th, 2023. Please upgrade to a newer LTS version of Node.js [18, 20]
INFO: Found 0 tsconfig.json file(s): []
INFO: Creating TypeScript program
INFO: TypeScript configuration file /tmp/tmp-39439-37KcXFpm0LrS
INFO: 10 source files to be analyzed
INFO: Creating TypeScript program (done) | time=548ms
INFO: Starting analysis with current program
INFO: Analyzed 10 file(s) with current program
INFO: 10/10 source files have been analyzed
INFO: Hit the cache for 0 out of 10
INFO: Miss the cache for 10 out of 10: ANALYSIS_MODE_INELIGIBLE [10/10]
INFO: Sensor JavaScript/TypeScript analysis [javascript] (done) | time=10362ms
INFO: Sensor JavaScript inside YAML analysis [javascript]
INFO: No input files found for analysis
INFO: Hit the cache for 0 out of 0
INFO: Miss the cache for 0 out of 0
INFO: Sensor JavaScript inside YAML analysis [javascript] (done) | time=2ms
INFO: Sensor JavaScript inside HTML analysis [javascript]
INFO: 2 source files to be analyzed
INFO: 2/2 source files have been analyzed
INFO: Hit the cache for 0 out of 2
INFO: Miss the cache for 2 out of 2: ANALYSIS_MODE_INELIGIBLE [2/2]
INFO: Sensor JavaScript inside HTML analysis [javascript] (done) | time=51ms
INFO: Sensor CSS Rules [javascript]
INFO: 3 source files to be analyzed
INFO: 3/3 source files have been analyzed
INFO: Hit the cache for 0 out of 0
INFO: Miss the cache for 0 out of 0
INFO: Sensor CSS Rules [javascript] (done) | time=181ms
INFO: Sensor CSS Metrics [javascript]
INFO: Sensor CSS Metrics [javascript] (done) | time=18ms
INFO: Sensor C# Project Type Information [csharp]
INFO: Sensor C# Project Type Information [csharp] (done) | time=1ms
INFO: Sensor C# Analysis Log [csharp]
INFO: Sensor C# Analysis Log [csharp] (done) | time=12ms
INFO: Sensor C# Properties [csharp]
INFO: Sensor C# Properties [csharp] (done) | time=0ms
INFO: Sensor HTML [web]
INFO: Sensor HTML [web] (done) | time=112ms
INFO: Sensor TextAndSecretsSensor [text]
INFO: 17 source files to be analyzed
INFO: 17/17 source files have been analyzed
INFO: Sensor TextAndSecretsSensor [text] (done) | time=2144ms
INFO: Sensor VB.NET Project Type Information [vbnet]
INFO: Sensor VB.NET Project Type Information [vbnet] (done) | time=1ms
INFO: Sensor VB.NET Analysis Log [vbnet]
INFO: Sensor VB.NET Analysis Log [vbnet] (done) | time=12ms
INFO: Sensor VB.NET Properties [vbnet]
INFO: Sensor VB.NET Properties [vbnet] (done) | time=0ms
INFO: Sensor IaC Docker Sensor [iac]
INFO: 1 source file to be analyzed
INFO: 1/1 source file has been analyzed
INFO: Sensor IaC Docker Sensor [iac] (done) | time=87ms
INFO: ------------- Run sensors on project
INFO: Sensor Analysis Warnings import [csharp]
INFO: Sensor Analysis Warnings import [csharp] (done) | time=1ms
INFO: Sensor Zero Coverage Sensor
INFO: Sensor Zero Coverage Sensor (done) | time=14ms
INFO: CPD Executor 2 files had no CPD blocks
INFO: CPD Executor Calculating CPD for 10 files
INFO: CPD Executor CPD calculation finished (done) | time=29ms
INFO: Analysis report generated in 74ms, dir size=483.6 kB
INFO: Analysis report compressed in 49ms, zip size=204.7 kB
INFO: Analysis report uploaded in 61ms
INFO: ANALYSIS SUCCESSFUL, you can find the results at: http://18.117.235.161:9000/dashboard?id=.
INFO: Note that you will be able to access the updated dashboard once the server has processed the submitted analysis report
INFO: More about the report processing at http://18.117.235.161:9000/api/ce/task?id=AY1PwgpfSeiJT-ExAeR8
INFO: Analysis total time: 24.357 s
INFO: ------------------------------------------------------------------------
INFO: EXECUTION SUCCESS
INFO: ------------------------------------------------------------------------
INFO: Total time: 25.468s
INFO: Final Memory: 22M/100M
INFO: ------------------------------------------------------------------------
[Pipeline] }
[Pipeline] // withSonarQubeEnv
[Pipeline] }
[Pipeline] // withEnv
[Pipeline] }
[Pipeline] // stage
[Pipeline] stage
[Pipeline] { (quality gate)
[Pipeline] tool
[Pipeline] envVarsForTool
[Pipeline] tool
[Pipeline] envVarsForTool
[Pipeline] withEnv
[Pipeline] {
[Pipeline] script
[Pipeline] {
[Pipeline] waitForQualityGate
Checking status of SonarQube task 'AY1PwgpfSeiJT-ExAeR8' on server 'sonarqube'
SonarQube task 'AY1PwgpfSeiJT-ExAeR8' status is 'SUCCESS'
SonarQube task 'AY1PwgpfSeiJT-ExAeR8' completed. Quality gate is 'OK'
[Pipeline] }
[Pipeline] // script
[Pipeline] }
[Pipeline] // withEnv
[Pipeline] }
[Pipeline] // stage
[Pipeline] stage
[Pipeline] { (Install Dependencies)
[Pipeline] tool
[Pipeline] envVarsForTool
[Pipeline] tool
[Pipeline] envVarsForTool
[Pipeline] withEnv
[Pipeline] {
[Pipeline] sh
+ npm install
npm WARN EBADENGINE Unsupported engine {
npm WARN EBADENGINE   package: 'hackathon-starter@8.0.1',
npm WARN EBADENGINE   required: { node: '>=18' },
npm WARN EBADENGINE   current: { node: 'v16.2.0', npm: '7.13.0' }
npm WARN EBADENGINE }
npm WARN EBADENGINE Unsupported engine {
npm WARN EBADENGINE   package: '@octokit/auth-token@4.0.0',
npm WARN EBADENGINE   required: { node: '>= 18' },
npm WARN EBADENGINE   current: { node: 'v16.2.0', npm: '7.13.0' }
npm WARN EBADENGINE }
npm WARN EBADENGINE Unsupported engine {
npm WARN EBADENGINE   package: '@octokit/core@5.0.1',
npm WARN EBADENGINE   required: { node: '>= 18' },
npm WARN EBADENGINE   current: { node: 'v16.2.0', npm: '7.13.0' }
npm WARN EBADENGINE }
npm WARN EBADENGINE Unsupported engine {
npm WARN EBADENGINE   package: '@octokit/endpoint@9.0.1',
npm WARN EBADENGINE   required: { node: '>= 18' },
npm WARN EBADENGINE   current: { node: 'v16.2.0', npm: '7.13.0' }
npm WARN EBADENGINE }
npm WARN EBADENGINE Unsupported engine {
npm WARN EBADENGINE   package: '@octokit/graphql@7.0.2',
npm WARN EBADENGINE   required: { node: '>= 18' },
npm WARN EBADENGINE   current: { node: 'v16.2.0', npm: '7.13.0' }
npm WARN EBADENGINE }
npm WARN EBADENGINE Unsupported engine {
npm WARN EBADENGINE   package: '@octokit/plugin-paginate-rest@9.0.0',
npm WARN EBADENGINE   required: { node: '>= 18' },
npm WARN EBADENGINE   current: { node: 'v16.2.0', npm: '7.13.0' }
npm WARN EBADENGINE }
npm WARN EBADENGINE Unsupported engine {
npm WARN EBADENGINE   package: '@octokit/plugin-request-log@4.0.0',
npm WARN EBADENGINE   required: { node: '>= 18' },
npm WARN EBADENGINE   current: { node: 'v16.2.0', npm: '7.13.0' }
npm WARN EBADENGINE }
npm WARN EBADENGINE Unsupported engine {
npm WARN EBADENGINE   package: '@octokit/plugin-rest-endpoint-methods@10.0.1',
npm WARN EBADENGINE   required: { node: '>= 18' },
npm WARN EBADENGINE   current: { node: 'v16.2.0', npm: '7.13.0' }
npm WARN EBADENGINE }
npm WARN EBADENGINE Unsupported engine {
npm WARN EBADENGINE   package: '@octokit/request@8.1.4',
npm WARN EBADENGINE   required: { node: '>= 18' },
npm WARN EBADENGINE   current: { node: 'v16.2.0', npm: '7.13.0' }
npm WARN EBADENGINE }
npm WARN EBADENGINE Unsupported engine {
npm WARN EBADENGINE   package: '@octokit/request-error@5.0.1',
npm WARN EBADENGINE   required: { node: '>= 18' },
npm WARN EBADENGINE   current: { node: 'v16.2.0', npm: '7.13.0' }
npm WARN EBADENGINE }
npm WARN EBADENGINE Unsupported engine {
npm WARN EBADENGINE   package: '@octokit/rest@20.0.2',
npm WARN EBADENGINE   required: { node: '>= 18' },
npm WARN EBADENGINE   current: { node: 'v16.2.0', npm: '7.13.0' }
npm WARN EBADENGINE }
npm WARN EBADENGINE Unsupported engine {
npm WARN EBADENGINE   package: 'bson@6.1.0',
npm WARN EBADENGINE   required: { node: '>=16.20.1' },
npm WARN EBADENGINE   current: { node: 'v16.2.0', npm: '7.13.0' }
npm WARN EBADENGINE }
npm WARN EBADENGINE Unsupported engine {
npm WARN EBADENGINE   package: 'execa@8.0.1',
npm WARN EBADENGINE   required: { node: '>=16.17' },
npm WARN EBADENGINE   current: { node: 'v16.2.0', npm: '7.13.0' }
npm WARN EBADENGINE }
npm WARN EBADENGINE Unsupported engine {
npm WARN EBADENGINE   package: 'human-signals@5.0.0',
npm WARN EBADENGINE   required: { node: '>=16.17.0' },
npm WARN EBADENGINE   current: { node: 'v16.2.0', npm: '7.13.0' }
npm WARN EBADENGINE }
npm WARN EBADENGINE Unsupported engine {
npm WARN EBADENGINE   package: 'lint-staged@15.0.1',
npm WARN EBADENGINE   required: { node: '>=18.12.0' },
npm WARN EBADENGINE   current: { node: 'v16.2.0', npm: '7.13.0' }
npm WARN EBADENGINE }
npm WARN EBADENGINE Unsupported engine {
npm WARN EBADENGINE   package: 'mongodb@6.1.0',
npm WARN EBADENGINE   required: { node: '>=16.20.1' },
npm WARN EBADENGINE   current: { node: 'v16.2.0', npm: '7.13.0' }
npm WARN EBADENGINE }

> hackathon-starter@8.0.1 postinstall
> patch-package && npm run scss

patch-package 8.0.0
Applying patches...
passport@0.6.0 ✔
passport-oauth2@1.7.0 ✔

> hackathon-starter@8.0.1 scss
> sass --no-source-map --load-path=./ --update ./public/css:./public/css

[2024-01-28 11:09] Compiled public/css/main.scss to public/css/main.css.

> hackathon-starter@8.0.1 prepare
> if [ "$NODE_ENV" != "production" ]; then husky install; fi

husky - Git hooks installed

added 806 packages, and audited 807 packages in 9s

162 packages are looking for funding
  run `npm fund` for details

4 moderate severity vulnerabilities

To address issues that do not require attention, run:
  npm audit fix

Some issues need review, and may require choosing
a different dependency.

Run `npm audit` for details.
[Pipeline] }
[Pipeline] // withEnv
[Pipeline] }
[Pipeline] // stage
[Pipeline] stage
[Pipeline] { (TRIVY FS SCAN)
[Pipeline] tool
[Pipeline] envVarsForTool
[Pipeline] tool
[Pipeline] envVarsForTool
[Pipeline] withEnv
[Pipeline] {
[Pipeline] sh
+ trivy fs .
2024-01-28T11:09:11.134Z	[34mINFO[0m	Vulnerability scanning is enabled
2024-01-28T11:09:11.134Z	[34mINFO[0m	Secret scanning is enabled
2024-01-28T11:09:11.134Z	[34mINFO[0m	If your scanning is slow, please try '--scanners vuln' to disable secret scanning
2024-01-28T11:09:11.134Z	[34mINFO[0m	Please see also https://aquasecurity.github.io/trivy/v0.48/docs/scanner/secret/#recommendation for faster secret detection
2024-01-28T11:09:12.056Z	[34mINFO[0m	Number of language-specific files: 2
2024-01-28T11:09:12.056Z	[34mINFO[0m	Detecting npm vulnerabilities...
2024-01-28T11:09:12.062Z	[34mINFO[0m	Detecting bundler vulnerabilities...
[Pipeline] }
[Pipeline] // withEnv
[Pipeline] }
[Pipeline] // stage
[Pipeline] stage
[Pipeline] { (Build & Push Docker Image)
[Pipeline] tool
[Pipeline] envVarsForTool
[Pipeline] tool
[Pipeline] envVarsForTool
[Pipeline] withEnv
[Pipeline] {
[Pipeline] script
[Pipeline] {
[Pipeline] withEnv
[Pipeline] {
[Pipeline] withDockerRegistry
$ docker login -u aasaithambi5 -p ******** https://index.docker.io/v1/
WARNING! Using --password via the CLI is insecure. Use --password-stdin.
WARNING! Your password will be stored unencrypted in /var/lib/jenkins/workspace/kaiburr_ci_cd_master@tmp/d6935399-6478-472e-8bc3-fe59685174a0/config.json.
Configure a credential helper to remove this warning. See
https://docs.docker.com/engine/reference/commandline/login/#credentials-store

Login Succeeded
[Pipeline] {
[Pipeline] isUnix
[Pipeline] withEnv
[Pipeline] {
[Pipeline] sh
+ docker build -t aasaithambi5/kaiburr .
DEPRECATED: The legacy builder is deprecated and will be removed in a future release.
            Install the buildx component to build images with BuildKit:
            https://docs.docker.com/go/buildx/

Sending build context to Docker daemon  16.34MB

Step 1/9 : FROM node:20-slim
 ---> 54bbb8ef72b7
Step 2/9 : WORKDIR /starter
 ---> Using cache
 ---> 2da0b03667a6
Step 3/9 : ENV NODE_ENV development
 ---> Using cache
 ---> 294f0c54bb7b
Step 4/9 : COPY .env.example /starter/.env.example
 ---> Using cache
 ---> 79170ab81ea4
Step 5/9 : COPY . /starter
 ---> 71ca83b6f240
Step 6/9 : RUN npm install pm2 -g
 ---> Running in e2d2cf7335d1
[91mnpm WARN deprecated[0m[91m uuid@3.4.0: Please upgrade  to version 7 or higher.  Older versions may use Math.random() in certain circumstances, which is known to be problematic.  See https://v8.dev/blog/math-random for details.
[0m
added 157 packages in 4s

13 packages are looking for funding
  run `npm fund` for details
[91mnpm [0m[91mnotice 
npm notice New minor version of npm available! 10.2.4 -> 10.4.0
npm notice[0m[91m Changelog: <https://github.com/npm/cli/releases/tag/v10.4.0>
npm notice Run `npm install -g npm@10.4.0` to update!
npm notice[0m[91m 
[0mRemoving intermediate container e2d2cf7335d1
 ---> 6c822e953d81
Step 7/9 : RUN if [ "$NODE_ENV" = "production" ]; then     npm install --omit=dev;     else     npm install;     fi
 ---> Running in 553f02b50454

> hackathon-starter@8.0.1 postinstall
> patch-package && npm run scss

patch-package 8.0.0
Applying patches...
passport@0.6.0 ✔
passport-oauth2@1.7.0 ✔

> hackathon-starter@8.0.1 scss
> sass --no-source-map --load-path=./ --update ./public/css:./public/css

[2024-01-28 11:09] Compiled public/css/main.scss to public/css/main.css.

> hackathon-starter@8.0.1 prepare
> if [ "$NODE_ENV" != "production" ]; then husky install; fi

husky - git command not found, skipping install

added 806 packages, and audited 807 packages in 14s

162 packages are looking for funding
  run `npm fund` for details

4 moderate severity vulnerabilities

To address issues that do not require attention, run:
  npm audit fix

Some issues need review, and may require choosing
a different dependency.

Run `npm audit` for details.
Removing intermediate container 553f02b50454
 ---> 34e8eee27fc3
Step 8/9 : CMD ["pm2-runtime","app.js"]
 ---> Running in 51a7f05ef7e8
Removing intermediate container 51a7f05ef7e8
 ---> 1bc42aa1f3f4
Step 9/9 : EXPOSE 8080
 ---> Running in 9794fb2786a0
Removing intermediate container 9794fb2786a0
 ---> 7654e83f81a1
Successfully built 7654e83f81a1
Successfully tagged aasaithambi5/kaiburr:latest
[Pipeline] }
[Pipeline] // withEnv
[Pipeline] }
[Pipeline] // withDockerRegistry
[Pipeline] }
[Pipeline] // withEnv
[Pipeline] withEnv
[Pipeline] {
[Pipeline] withDockerRegistry
$ docker login -u aasaithambi5 -p ******** https://index.docker.io/v1/
WARNING! Using --password via the CLI is insecure. Use --password-stdin.
WARNING! Your password will be stored unencrypted in /var/lib/jenkins/workspace/kaiburr_ci_cd_master@tmp/d8f94c6a-3844-463c-9487-9c3749a46645/config.json.
Configure a credential helper to remove this warning. See
https://docs.docker.com/engine/reference/commandline/login/#credentials-store

Login Succeeded
[Pipeline] {
[Pipeline] isUnix
[Pipeline] withEnv
[Pipeline] {
[Pipeline] sh
+ docker tag aasaithambi5/kaiburr aasaithambi5/kaiburr:2.0.0-19
[Pipeline] }
[Pipeline] // withEnv
[Pipeline] isUnix
[Pipeline] withEnv
[Pipeline] {
[Pipeline] sh
+ docker push aasaithambi5/kaiburr:2.0.0-19
The push refers to repository [docker.io/aasaithambi5/kaiburr]
82c15b99a7c5: Preparing
1ce2869b609d: Preparing
314412031e75: Preparing
9ebb270e4812: Preparing
28c3b0b11a9b: Preparing
4e48c97c49bc: Preparing
2e9bf44ff90f: Preparing
5a9e6740bc8d: Preparing
dbdfa07812e8: Preparing
571ade696b26: Preparing
dbdfa07812e8: Waiting
2e9bf44ff90f: Waiting
571ade696b26: Waiting
5a9e6740bc8d: Waiting
4e48c97c49bc: Waiting
9ebb270e4812: Layer already exists
28c3b0b11a9b: Layer already exists
4e48c97c49bc: Layer already exists
2e9bf44ff90f: Layer already exists
5a9e6740bc8d: Layer already exists
dbdfa07812e8: Layer already exists
571ade696b26: Layer already exists
314412031e75: Pushed
1ce2869b609d: Pushed
82c15b99a7c5: Pushed
2.0.0-19: digest: sha256:593117809221f7d9431929bc24be9dd0d5590eb91081a90b8b59cdd644eebd89 size: 2418
[Pipeline] }
[Pipeline] // withEnv
[Pipeline] isUnix
[Pipeline] withEnv
[Pipeline] {
[Pipeline] sh
+ docker tag aasaithambi5/kaiburr aasaithambi5/kaiburr:latest
[Pipeline] }
[Pipeline] // withEnv
[Pipeline] isUnix
[Pipeline] withEnv
[Pipeline] {
[Pipeline] sh
+ docker push aasaithambi5/kaiburr:latest
The push refers to repository [docker.io/aasaithambi5/kaiburr]
82c15b99a7c5: Preparing
1ce2869b609d: Preparing
314412031e75: Preparing
9ebb270e4812: Preparing
28c3b0b11a9b: Preparing
4e48c97c49bc: Preparing
2e9bf44ff90f: Preparing
5a9e6740bc8d: Preparing
dbdfa07812e8: Preparing
571ade696b26: Preparing
4e48c97c49bc: Waiting
dbdfa07812e8: Waiting
571ade696b26: Waiting
2e9bf44ff90f: Waiting
5a9e6740bc8d: Waiting
9ebb270e4812: Layer already exists
28c3b0b11a9b: Layer already exists
314412031e75: Layer already exists
2e9bf44ff90f: Layer already exists
4e48c97c49bc: Layer already exists
5a9e6740bc8d: Layer already exists
82c15b99a7c5: Layer already exists
571ade696b26: Layer already exists
dbdfa07812e8: Layer already exists
1ce2869b609d: Layer already exists
latest: digest: sha256:593117809221f7d9431929bc24be9dd0d5590eb91081a90b8b59cdd644eebd89 size: 2418
[Pipeline] }
[Pipeline] // withEnv
[Pipeline] }
[Pipeline] // withDockerRegistry
[Pipeline] }
[Pipeline] // withEnv
[Pipeline] }
[Pipeline] // script
[Pipeline] }
[Pipeline] // withEnv
[Pipeline] }
[Pipeline] // stage
[Pipeline] stage
[Pipeline] { (Trivy Scan)
[Pipeline] tool
[Pipeline] envVarsForTool
[Pipeline] tool
[Pipeline] envVarsForTool
[Pipeline] withEnv
[Pipeline] {
[Pipeline] script
[Pipeline] {
[Pipeline] sh
+ docker run -v /var/run/docker.sock:/var/run/docker.sock aquasec/trivy image aasaithambi5/kaiburr:latest --no-progress --scanners vuln --exit-code 0 --severity HIGH,CRITICAL --format table
2024-01-28T11:10:11.260Z	[34mINFO[0m	Need to update DB
2024-01-28T11:10:11.260Z	[34mINFO[0m	DB Repository: ghcr.io/aquasecurity/trivy-db
2024-01-28T11:10:11.260Z	[34mINFO[0m	Downloading DB...
2024-01-28T11:10:13.139Z	[34mINFO[0m	Vulnerability scanning is enabled
2024-01-28T11:10:20.278Z	[34mINFO[0m	Detected OS: debian
2024-01-28T11:10:20.278Z	[34mINFO[0m	Detecting Debian vulnerabilities...
2024-01-28T11:10:20.285Z	[34mINFO[0m	Number of language-specific files: 1
2024-01-28T11:10:20.285Z	[34mINFO[0m	Detecting node-pkg vulnerabilities...
[Pipeline] }
[Pipeline] // script
[Pipeline] }
[Pipeline] // withEnv
[Pipeline] }
[Pipeline] // stage
[Pipeline] stage
[Pipeline] { (Cleanup Artifacts)
[Pipeline] tool
[Pipeline] envVarsForTool
[Pipeline] tool
[Pipeline] envVarsForTool
[Pipeline] withEnv
[Pipeline] {
[Pipeline] script
[Pipeline] {
[Pipeline] sh
+ docker rmi aasaithambi5/kaiburr:2.0.0-19
Untagged: aasaithambi5/kaiburr:2.0.0-19
[Pipeline] sh
+ docker rmi aasaithambi5/kaiburr:latest
Untagged: aasaithambi5/kaiburr:latest
Untagged: aasaithambi5/kaiburr@sha256:593117809221f7d9431929bc24be9dd0d5590eb91081a90b8b59cdd644eebd89
Deleted: sha256:7654e83f81a123d0d99caa9344c6030001dbc8259c9a20f7db9a31b82178e314
Deleted: sha256:1bc42aa1f3f4df2dbef79c8dc82aa0186efda102eda906c789be1ecd40d68b82
Deleted: sha256:34e8eee27fc31b7b629e04497a5162efa53762049b9ddce967bde0fbb6907890
Deleted: sha256:51718d247f57f2c43fe21454846bdf4378887066e8f5f26c20b20b0a003f313a
Deleted: sha256:6c822e953d81f9144b3e563797d1bde89c4ee956941b204a7c3f2085b103a3b9
Deleted: sha256:12b7e805f167585befba532eefc9299dda9324cee2510957dd45afd99dd2d9ad
Deleted: sha256:71ca83b6f240f18adad9fcd2abe101783c417eb2ebd9ae44c5b25436c6cb74d8
Deleted: sha256:43e0e40cef0866e3e5563b8d641a36347113190f3f983a99d60b9bb9dd6a2427
[Pipeline] }
[Pipeline] // script
[Pipeline] }
[Pipeline] // withEnv
[Pipeline] }
[Pipeline] // stage
[Pipeline] stage
[Pipeline] { (Commit & Push Manifest)
[Pipeline] tool
[Pipeline] envVarsForTool
[Pipeline] tool
[Pipeline] envVarsForTool
[Pipeline] withEnv
[Pipeline] {
[Pipeline] script
[Pipeline] {
[Pipeline] git
The recommended git tool is: NONE
using credential github
 > git rev-parse --resolve-git-dir /var/lib/jenkins/workspace/kaiburr_ci_cd_master/.git # timeout=10
Fetching changes from the remote Git repository
 > git config remote.origin.url https://github.com/AASAITHAMBI57/kaiburr_CD.git # timeout=10
Fetching upstream changes from https://github.com/AASAITHAMBI57/kaiburr_CD.git
 > git --version # timeout=10
 > git --version # 'git version 2.34.1'
using GIT_ASKPASS to set credentials github
 > git fetch --tags --force --progress -- https://github.com/AASAITHAMBI57/kaiburr_CD.git +refs/heads/*:refs/remotes/origin/* # timeout=10
 > git rev-parse refs/remotes/origin/master^{commit} # timeout=10
Checking out Revision d212b5f6dd39f4e0e2e0d9762279e4db97cc231f (refs/remotes/origin/master)
 > git config core.sparsecheckout # timeout=10
 > git checkout -f d212b5f6dd39f4e0e2e0d9762279e4db97cc231f # timeout=10
 > git branch -a -v --no-abbrev # timeout=10
 > git branch -D master # timeout=10
 > git checkout -b master d212b5f6dd39f4e0e2e0d9762279e4db97cc231f # timeout=10
Commit message: "Update deployment image to 1.0.0-18"
 > git rev-list --no-walk 1989d4dd7798c11d061e1a9a497961e477eaf147 # timeout=10
[Pipeline] sh
+ git config user.name AASAITHAMBI57
[Pipeline] sh
+ git config user.email aasaithambi57@gmail.com
[Pipeline] sh
+ sed -i s/kaiburr.*/kaiburr:2.0.0-19/g kustomize-yaml/prod-env/prod-deployment.yaml
[Pipeline] withCredentials
 > git --version # timeout=10
 > git --version # 'git version 2.34.1'
Masking supported pattern matches of $GIT_PASSWORD or $GIT_ASKPASS
[Pipeline] {
[Pipeline] sh
+ git fetch origin
[Pipeline] sh
+ git add -u
[Pipeline] sh
+ git commit -m Update deployment image to 2.0.0-19
[master 388fd91] Update deployment image to 2.0.0-19
 1 file changed, 1 insertion(+), 1 deletion(-)
[Pipeline] sh
+ git push origin master
To https://github.com/AASAITHAMBI57/kaiburr_CD.git
   d212b5f..388fd91  master -> master
[Pipeline] }
[Pipeline] // withCredentials
[Pipeline] }
[Pipeline] // script
[Pipeline] }
[Pipeline] // withEnv
[Pipeline] }
[Pipeline] // stage
[Pipeline] stage
[Pipeline] { (Declarative: Post Actions)
[Pipeline] emailext
Sending email to: aasaithambi5793@gmail.com
